  [1m[36m (3.0ms)[0m  [1mCREATE TABLE "schema_migrations" ("version" character varying NOT NULL) [0m
  [1m[35m (1.0ms)[0m  CREATE UNIQUE INDEX  "unique_schema_migrations" ON "schema_migrations"  ("version")
  [1m[36mActiveRecord::SchemaMigration Load (0.3ms)[0m  [1mSELECT "schema_migrations".* FROM "schema_migrations"[0m
Migrating to CreatePosts (20150115174909)
  [1m[35m (0.2ms)[0m  BEGIN
  [1m[36m (2.6ms)[0m  [1mCREATE TABLE "posts" ("id" serial primary key, "title" character varying, "rating" integer, "created_at" timestamp NOT NULL, "updated_at" timestamp NOT NULL) [0m
  [1m[35mSQL (0.3ms)[0m  INSERT INTO "schema_migrations" ("version") VALUES ($1)  [["version", "20150115174909"]]
  [1m[36m (0.4ms)[0m  [1mCOMMIT[0m
  [1m[35mActiveRecord::SchemaMigration Load (6.6ms)[0m  SELECT "schema_migrations".* FROM "schema_migrations"
  [1m[36m (3.1ms)[0m  [1mSELECT t2.oid::regclass::text AS to_table, a1.attname AS column, a2.attname AS primary_key, c.conname AS name, c.confupdtype AS on_update, c.confdeltype AS on_delete
FROM pg_constraint c
JOIN pg_class t1 ON c.conrelid = t1.oid
JOIN pg_class t2 ON c.confrelid = t2.oid
JOIN pg_attribute a1 ON a1.attnum = c.conkey[1] AND a1.attrelid = t1.oid
JOIN pg_attribute a2 ON a2.attnum = c.confkey[1] AND a2.attrelid = t2.oid
JOIN pg_namespace t3 ON c.connamespace = t3.oid
WHERE c.contype = 'f'
  AND t1.relname = 'posts'
  AND t3.nspname = ANY (current_schemas(false))
ORDER BY c.conname
[0m
  [1m[36mActiveRecord::SchemaMigration Load (0.3ms)[0m  [1mSELECT "schema_migrations".* FROM "schema_migrations"[0m
Migrating to AddUrlToPosts (20150115181234)
  [1m[35m (0.1ms)[0m  BEGIN
  [1m[36m (0.6ms)[0m  [1mALTER TABLE "posts" ADD "url" text[0m
  [1m[35mSQL (0.2ms)[0m  INSERT INTO "schema_migrations" ("version") VALUES ($1)  [["version", "20150115181234"]]
  [1m[36m (8.5ms)[0m  [1mCOMMIT[0m
  [1m[35mActiveRecord::SchemaMigration Load (0.1ms)[0m  SELECT "schema_migrations".* FROM "schema_migrations"
  [1m[36m (1.9ms)[0m  [1mSELECT t2.oid::regclass::text AS to_table, a1.attname AS column, a2.attname AS primary_key, c.conname AS name, c.confupdtype AS on_update, c.confdeltype AS on_delete
FROM pg_constraint c
JOIN pg_class t1 ON c.conrelid = t1.oid
JOIN pg_class t2 ON c.confrelid = t2.oid
JOIN pg_attribute a1 ON a1.attnum = c.conkey[1] AND a1.attrelid = t1.oid
JOIN pg_attribute a2 ON a2.attnum = c.confkey[1] AND a2.attrelid = t2.oid
JOIN pg_namespace t3 ON c.connamespace = t3.oid
WHERE c.contype = 'f'
  AND t1.relname = 'posts'
  AND t3.nspname = ANY (current_schemas(false))
ORDER BY c.conname
[0m
  [1m[36mActiveRecord::SchemaMigration Load (0.3ms)[0m  [1mSELECT "schema_migrations".* FROM "schema_migrations"[0m
  [1m[35mActiveRecord::SchemaMigration Load (0.1ms)[0m  SELECT "schema_migrations".* FROM "schema_migrations"
  [1m[36m (2.0ms)[0m  [1mSELECT t2.oid::regclass::text AS to_table, a1.attname AS column, a2.attname AS primary_key, c.conname AS name, c.confupdtype AS on_update, c.confdeltype AS on_delete
FROM pg_constraint c
JOIN pg_class t1 ON c.conrelid = t1.oid
JOIN pg_class t2 ON c.confrelid = t2.oid
JOIN pg_attribute a1 ON a1.attnum = c.conkey[1] AND a1.attrelid = t1.oid
JOIN pg_attribute a2 ON a2.attnum = c.confkey[1] AND a2.attrelid = t2.oid
JOIN pg_namespace t3 ON c.connamespace = t3.oid
WHERE c.contype = 'f'
  AND t1.relname = 'posts'
  AND t3.nspname = ANY (current_schemas(false))
ORDER BY c.conname
[0m


Started GET "/" for ::1 at 2015-01-15 19:51:56 +0000
  [1m[36mActiveRecord::SchemaMigration Load (0.3ms)[0m  [1mSELECT "schema_migrations".* FROM "schema_migrations"[0m
Processing by Rails::WelcomeController#index as HTML
  Rendered /Users/fadie/.rvm/gems/ruby-2.1.2/gems/railties-4.2.0/lib/rails/templates/rails/welcome/index.html.erb (1.9ms)
Completed 200 OK in 16ms (Views: 8.1ms | ActiveRecord: 0.0ms)


Started GET "/" for ::1 at 2015-01-15 19:51:59 +0000
Processing by Rails::WelcomeController#index as HTML
  Rendered /Users/fadie/.rvm/gems/ruby-2.1.2/gems/railties-4.2.0/lib/rails/templates/rails/welcome/index.html.erb (0.0ms)
Completed 200 OK in 1ms (Views: 0.8ms | ActiveRecord: 0.0ms)


Started GET "/posts" for ::1 at 2015-01-15 19:52:00 +0000
Processing by PostsController#index as HTML
  [1m[35m (0.3ms)[0m  SELECT COUNT(*) FROM "posts"
  Rendered posts/index.html.erb within layouts/application (2.5ms)
Completed 200 OK in 512ms (Views: 509.9ms | ActiveRecord: 1.0ms)


Started GET "/assets/posts-069e88c06b889877799890854d7f4c40.css?body=1" for ::1 at 2015-01-15 19:52:00 +0000


Started GET "/assets/application-9d71a2f6dda6b569ca80f60714aabe8b.js?body=1" for ::1 at 2015-01-15 19:52:00 +0000


Started GET "/posts/new" for ::1 at 2015-01-15 19:52:02 +0000
Processing by PostsController#new as HTML
  Rendered posts/new.html.erb within layouts/application (11.4ms)
Completed 200 OK in 51ms (Views: 45.3ms | ActiveRecord: 1.5ms)


Started POST "/posts" for ::1 at 2015-01-15 19:52:04 +0000
Processing by PostsController#create as HTML
  Parameters: {"utf8"=>"✓", "authenticity_token"=>"SlOh8FFZK64NcfjJv6eJl+J0rV/a5cIo5nKX9YBC8jQcQf2KF3H/GvMC92TlzB/n/4thnQs8lRB26xqSlVWSDw==", "post"=>{"title"=>"LOL!"}, "commit"=>"Create Post"}
  [1m[36m (0.1ms)[0m  [1mBEGIN[0m
  [1m[35mSQL (8.6ms)[0m  INSERT INTO "posts" ("title", "created_at", "updated_at") VALUES ($1, $2, $3) RETURNING "id"  [["title", "LOL!"], ["created_at", "2015-01-15 19:52:04.856511"], ["updated_at", "2015-01-15 19:52:04.856511"]]
  [1m[36m (1.2ms)[0m  [1mCOMMIT[0m
Redirected to http://localhost:3000/posts
Completed 302 Found in 17ms (ActiveRecord: 10.1ms)


Started GET "/posts" for ::1 at 2015-01-15 19:52:04 +0000
Processing by PostsController#index as HTML
  [1m[35m (0.3ms)[0m  SELECT COUNT(*) FROM "posts"
  [1m[36mPost Load (0.2ms)[0m  [1mSELECT "posts".* FROM "posts"[0m
  Rendered posts/index.html.erb within layouts/application (1.9ms)
Completed 200 OK in 52ms (Views: 50.7ms | ActiveRecord: 0.5ms)


Started GET "/assets/posts-069e88c06b889877799890854d7f4c40.css?body=1" for ::1 at 2015-01-15 19:52:04 +0000


Started GET "/assets/application-823e88bf1231c4323ee1d35731d8f1b6.css?body=1" for ::1 at 2015-01-15 19:52:04 +0000


Started GET "/assets/jquery-eb3e278249152b5b5d5170b73d9dbf52.js?body=1" for ::1 at 2015-01-15 19:52:04 +0000


Started GET "/assets/application-9d71a2f6dda6b569ca80f60714aabe8b.js?body=1" for ::1 at 2015-01-15 19:52:04 +0000


Started GET "/assets/jquery_ujs-0b8f09cf5aec4ba1be1abd9f915c77e2.js?body=1" for ::1 at 2015-01-15 19:52:04 +0000


Started GET "/assets/posts-8f6eecd1178ef85964369ec66d33c4f1.js?body=1" for ::1 at 2015-01-15 19:52:04 +0000


Started GET "/assets/turbolinks-924184401b7d116eadaaefc96895fa84.js?body=1" for ::1 at 2015-01-15 19:52:04 +0000


Started GET "/" for ::1 at 2015-01-15 20:05:45 +0000
  [1m[36mActiveRecord::SchemaMigration Load (0.7ms)[0m  [1mSELECT "schema_migrations".* FROM "schema_migrations"[0m
Processing by Rails::WelcomeController#index as HTML
  Rendered /Users/fadie/.rvm/gems/ruby-2.1.2/gems/railties-4.2.0/lib/rails/templates/rails/welcome/index.html.erb (2.2ms)
Completed 200 OK in 19ms (Views: 8.9ms | ActiveRecord: 0.0ms)


Started GET "/" for ::1 at 2015-01-15 20:05:48 +0000
Processing by Rails::WelcomeController#index as HTML
  Rendered /Users/fadie/.rvm/gems/ruby-2.1.2/gems/railties-4.2.0/lib/rails/templates/rails/welcome/index.html.erb (0.0ms)
Completed 200 OK in 1ms (Views: 0.8ms | ActiveRecord: 0.0ms)


Started GET "/posts" for ::1 at 2015-01-15 20:05:49 +0000
Processing by PostsController#index as HTML
  [1m[35m (0.3ms)[0m  SELECT COUNT(*) FROM "posts"
  [1m[36mPost Load (0.2ms)[0m  [1mSELECT "posts".* FROM "posts"[0m
  Rendered posts/index.html.erb within layouts/application (7.3ms)
Completed 200 OK in 67ms (Views: 63.0ms | ActiveRecord: 2.6ms)


Started GET "/assets/posts-069e88c06b889877799890854d7f4c40.css?body=1" for ::1 at 2015-01-15 20:05:49 +0000


Started GET "/posts/new" for ::1 at 2015-01-15 20:05:52 +0000
Processing by PostsController#new as HTML
  Rendered posts/new.html.erb within layouts/application (42.4ms)
Completed 200 OK in 77ms (Views: 76.1ms | ActiveRecord: 0.0ms)


Started POST "/posts" for ::1 at 2015-01-15 20:05:57 +0000
Processing by PostsController#create as HTML
  Parameters: {"utf8"=>"✓", "authenticity_token"=>"2otPair0g8OeKJHIJqveR9i715YL7gqhYZNOonE6H7eMmRMQbNxXd2BbnmV8wEg3xUQbVNo3XZnxCsPFZC1/jA==", "post"=>{"title"=>"Hey", "url"=>"http://www.google.com"}, "commit"=>"Create Post"}
Unpermitted parameter: url
  [1m[35m (0.1ms)[0m  BEGIN
  [1m[36mSQL (0.3ms)[0m  [1mINSERT INTO "posts" ("title", "created_at", "updated_at") VALUES ($1, $2, $3) RETURNING "id"[0m  [["title", "Hey"], ["created_at", "2015-01-15 20:05:57.680226"], ["updated_at", "2015-01-15 20:05:57.680226"]]
  [1m[35m (8.4ms)[0m  COMMIT
Redirected to http://localhost:3000/posts
Completed 302 Found in 14ms (ActiveRecord: 8.9ms)


Started GET "/posts" for ::1 at 2015-01-15 20:05:57 +0000
Processing by PostsController#index as HTML
  [1m[36m (0.2ms)[0m  [1mSELECT COUNT(*) FROM "posts"[0m
  [1m[35mPost Load (0.2ms)[0m  SELECT "posts".* FROM "posts"
  Rendered posts/index.html.erb within layouts/application (1.3ms)
Completed 200 OK in 41ms (Views: 39.8ms | ActiveRecord: 0.4ms)


Started GET "/assets/posts-069e88c06b889877799890854d7f4c40.css?body=1" for ::1 at 2015-01-15 20:05:57 +0000


Started GET "/assets/turbolinks-924184401b7d116eadaaefc96895fa84.js?body=1" for ::1 at 2015-01-15 20:05:57 +0000


Started GET "/assets/jquery-eb3e278249152b5b5d5170b73d9dbf52.js?body=1" for ::1 at 2015-01-15 20:05:57 +0000


Started GET "/assets/jquery_ujs-0b8f09cf5aec4ba1be1abd9f915c77e2.js?body=1" for ::1 at 2015-01-15 20:05:57 +0000


Started GET "/assets/posts-8f6eecd1178ef85964369ec66d33c4f1.js?body=1" for ::1 at 2015-01-15 20:05:57 +0000


Started GET "/assets/application-9d71a2f6dda6b569ca80f60714aabe8b.js?body=1" for ::1 at 2015-01-15 20:05:57 +0000


Started GET "/assets/application-823e88bf1231c4323ee1d35731d8f1b6.css?body=1" for ::1 at 2015-01-15 20:05:57 +0000
